<?xml version="1.0" encoding="UTF-8"?>
<!-- Generated by org.testng.reporters.JUnitReportReporter -->
<testsuite skipped="0" hostname="LAPTOP-U0R5V4IK" name="com.bridgelabz.Spotify" tests="1" failures="0" timestamp="2020-08-03T10:30:43 IST" time="11.543" errors="0">
  <testcase name="togetTheUserProfileAndPlaylistDetails" time="11.543" classname="com.bridgelabz.Spotify"/>
  <system-out/>
</testsuite> <!-- com.bridgelabz.Spotify -->
