<?xml version="1.0" encoding="UTF-8"?>
<!-- Generated by org.testng.reporters.JUnitReportReporter -->
<testsuite skipped="0" hostname="LAPTOP-U0R5V4IK" name="Spotify" tests="1" failures="0" timestamp="2020-07-26T10:06:58 IST" time="6.197" errors="0">
  <testcase name="togetuserid" time="6.197" classname="Spotify"/>
  <system-out/>
</testsuite> <!-- Spotify -->
