<?xml version="1.0" encoding="UTF-8"?>
<!-- Generated by org.testng.reporters.JUnitReportReporter -->
<testsuite skipped="0" hostname="LAPTOP-U0R5V4IK" name="Spotify" tests="2" failures="0" timestamp="2020-07-26T11:35:47 IST" time="5.503" errors="0">
  <testcase name="togetuseridAnduserprofile" time="1.774" classname="Spotify"/>
  <system-out/>
  <testcase name="toCheckplaylistisCreatedornot" time="3.729" classname="Spotify"/>
  <system-out/>
</testsuite> <!-- Spotify -->
