<?xml version="1.0" encoding="UTF-8"?>
<!-- Generated by org.testng.reporters.JUnitReportReporter -->
<testsuite skipped="0" hostname="LAPTOP-U0R5V4IK" name="com.bridgelabz.Spotify" tests="1" failures="0" timestamp="2020-07-26T16:56:37 IST" time="10.600" errors="0">
  <testcase name="totesttheApisofspotifyAndcheckresponse" time="10.600" classname="com.bridgelabz.Spotify"/>
  <system-out/>
</testsuite> <!-- com.bridgelabz.Spotify -->
