<?xml version="1.0" encoding="UTF-8"?>
<!-- Generated by org.testng.reporters.JUnitReportReporter -->
<testsuite skipped="0" hostname="LAPTOP-U0R5V4IK" name="com.bridgelabz.Spotify" tests="1" failures="0" timestamp="2020-07-26T14:24:05 IST" time="5.538" errors="0">
  <testcase name="totesttheApisofspotifyAndcheckresponse" time="5.538" classname="com.bridgelabz.Spotify"/>
  <system-out/>
</testsuite> <!-- com.bridgelabz.Spotify -->
